<?xml version="1.0" encoding="UTF-8"?>
<testng-results skipped="0" failed="0" total="1" passed="1">
  <reporter-output>
  </reporter-output>
  <suite name="Default suite" duration-ms="701" started-at="2014-08-05T17:26:55Z" finished-at="2014-08-05T17:26:56Z">
    <groups>
      <group name="functest">
        <method signature="RPNEvaluationUnitTest.testEvaluateRPNPositive()[pri:0, instance:com.solutioniq.calculator.unittest.testng.RPNEvaluationUnitTest@16dadf9]" name="testEvaluateRPNPositive" class="com.solutioniq.calculator.unittest.testng.RPNEvaluationUnitTest"/>
      </group> <!-- functest -->
    </groups>
    <test name="Default test" duration-ms="701" started-at="2014-08-05T17:26:55Z" finished-at="2014-08-05T17:26:56Z">
      <class name="com.solutioniq.calculator.unittest.testng.RPNEvaluationUnitTest">
        <test-method status="PASS" signature="testEvaluateRPNPositive()[pri:0, instance:com.solutioniq.calculator.unittest.testng.RPNEvaluationUnitTest@16dadf9]" name="testEvaluateRPNPositive" duration-ms="673" started-at="2014-08-05T22:56:55Z" finished-at="2014-08-05T22:56:56Z">
          <reporter-output>
          </reporter-output>
        </test-method> <!-- testEvaluateRPNPositive -->
      </class> <!-- com.solutioniq.calculator.unittest.testng.RPNEvaluationUnitTest -->
    </test> <!-- Default test -->
  </suite> <!-- Default suite -->
</testng-results>
